#
# There is insufficient memory for the Java Runtime Environment to continue.
# Native memory allocation (malloc) failed to allocate 506736 bytes for Chunk::new
# Possible reasons:
#   The system is out of physical RAM or swap space
#   The process is running with CompressedOops enabled, and the Java Heap may be blocking the growth of the native heap
# Possible solutions:
#   Reduce memory load on the system
#   Increase physical memory or swap space
#   Check if swap backing store is full
#   Decrease Java heap size (-Xmx/-Xms)
#   Decrease number of Java threads
#   Decrease Java thread stack sizes (-Xss)
#   Set larger code cache with -XX:ReservedCodeCacheSize=
#   JVM is running with Unscaled Compressed Oops mode in which the Java heap is
#     placed in the first 4GB address space. The Java Heap base address is the
#     maximum limit for the native heap growth. Please use -XX:HeapBaseMinAddress
#     to set the Java Heap base and to place the Java Heap above 4GB virtual address.
# This output file may be truncated or incomplete.
#
#  Out of Memory Error (allocation.cpp:389), pid=15660, tid=0x0000000000000764
#
# JRE version: OpenJDK Runtime Environment (8.0_212-b04) (build 1.8.0_212-release-1586-b04)
# Java VM: OpenJDK 64-Bit Server VM (25.212-b04 mixed mode windows-amd64 compressed oops)
# Failed to write core dump. Minidumps are not enabled by default on client versions of Windows
#

---------------  T H R E A D  ---------------

Current thread (0x0000000015f77000):  JavaThread "C2 CompilerThread1" daemon [_thread_in_native, id=1892, stack(0x0000000017670000,0x0000000017770000)]

Stack: [0x0000000017670000,0x0000000017770000]
[error occurred during error reporting (printing stack bounds), id 0xc0000005]

Native frames: (J=compiled Java code, j=interpreted, Vv=VM code, C=native code)


Current CompileTask:
C2:7301261 14163       4       java.util.Arrays::sort (47 bytes)


---------------  P R O C E S S  ---------------

Java Threads: ( => current thread )
  0x0000000018395000 JavaThread "stdout" [_thread_in_native, id=10640, stack(0x0000000027610000,0x0000000027710000)]
  0x0000000018394000 JavaThread "stderr" [_thread_in_native, id=5756, stack(0x0000000027510000,0x0000000027610000)]
  0x0000000018393800 JavaThread "pool-5-thread-1" [_thread_blocked, id=3048, stack(0x0000000027410000,0x0000000027510000)]
  0x000000001838c000 JavaThread "WorkerExecutor Queue Thread 2" [_thread_blocked, id=15320, stack(0x0000000027310000,0x0000000027410000)]
  0x000000001838f800 JavaThread "Cache worker for execution history cache (I:\ANDROID\RecylerView_kotlin_total\.gradle\5.6.4\executionHistory)" [_thread_blocked, id=4788, stack(0x0000000027110000,0x0000000027210000)]
  0x0000000018387800 JavaThread "Execution worker for ':' Thread 3" [_thread_blocked, id=10848, stack(0x0000000027010000,0x0000000027110000)]
  0x000000001838a800 JavaThread "Execution worker for ':' Thread 2" [_thread_blocked, id=12980, stack(0x0000000026f10000,0x0000000027010000)]
  0x0000000018389800 JavaThread "Execution worker for ':'" [_thread_in_Java, id=4760, stack(0x0000000026e10000,0x0000000026f10000)]
  0x000000001a2a7800 JavaThread "Cache worker for file content cache (I:\ANDROID\RecylerView_kotlin_total\.gradle\5.6.4\fileContent)" [_thread_blocked, id=12772, stack(0x0000000026110000,0x0000000026210000)]
  0x000000001a2a7000 JavaThread "Cache worker for Build Output Cleanup Cache (I:\ANDROID\RecylerView_kotlin_total\.gradle\buildOutputCleanup)" [_thread_blocked, id=10196, stack(0x0000000026010000,0x0000000026110000)]
  0x000000001a2a6000 JavaThread "pool-4-thread-1" [_thread_blocked, id=12528, stack(0x0000000025f10000,0x0000000026010000)]
  0x000000001a29e800 JavaThread "Build operations Thread 4" [_thread_blocked, id=15516, stack(0x0000000025e10000,0x0000000025f10000)]
  0x000000001a2a5800 JavaThread "Build operations Thread 3" [_thread_blocked, id=14444, stack(0x0000000025b10000,0x0000000025c10000)]
  0x000000001a29e000 JavaThread "Build operations Thread 2" [_thread_blocked, id=16220, stack(0x0000000025110000,0x0000000025210000)]
  0x000000001a2a4800 JavaThread "Build operations" [_thread_blocked, id=8668, stack(0x0000000024810000,0x0000000024910000)]
  0x000000001a2a4000 JavaThread "Cache worker for cache directory md-rule (C:\Users\Arka\.gradle\caches\5.6.4\md-rule)" [_thread_blocked, id=8828, stack(0x0000000022240000,0x0000000022340000)]
  0x000000001a29c800 JavaThread "Cache worker for cache directory md-supplier (C:\Users\Arka\.gradle\caches\5.6.4\md-supplier)" [_thread_blocked, id=1632, stack(0x0000000021f40000,0x0000000022040000)]
  0x000000001a2a3000 JavaThread "Cache worker for file hash cache (I:\ANDROID\RecylerView_kotlin_total\.gradle\5.6.4\fileHashes)" [_thread_blocked, id=1600, stack(0x0000000021a40000,0x0000000021b40000)]
  0x000000001a29d000 JavaThread "Thread-48" [_thread_blocked, id=9820, stack(0x0000000021940000,0x0000000021a40000)]
  0x000000001a2a2800 JavaThread "Stdin handler" [_thread_blocked, id=10268, stack(0x000000001fad0000,0x000000001fbd0000)]
  0x000000001a2a1800 JavaThread "Asynchronous log dispatcher for DefaultDaemonConnection: socket connection from /127.0.0.1:51776 to /127.0.0.1:64246" [_thread_blocked, id=2300, stack(0x000000001b790000,0x000000001b890000)]
  0x000000001a29a000 JavaThread "Cancel handler" [_thread_blocked, id=12112, stack(0x000000001af90000,0x000000001b090000)]
  0x000000001a29b000 JavaThread "Handler for socket connection from /127.0.0.1:51776 to /127.0.0.1:64246" [_thread_in_native, id=12432, stack(0x0000000000a40000,0x0000000000b40000)]
  0x000000001a2a1000 JavaThread "RMI TCP Connection(idle)" daemon [_thread_blocked, id=2908, stack(0x0000000026d10000,0x0000000026e10000)]
  0x000000001a299800 JavaThread "RMI Reaper" [_thread_blocked, id=1516, stack(0x0000000026c10000,0x0000000026d10000)]
  0x000000001a2a0000 JavaThread "RMI TCP Accept-0" daemon [_thread_in_native, id=15676, stack(0x0000000026b10000,0x0000000026c10000)]
  0x000000001a29b800 JavaThread "GC Daemon" daemon [_thread_blocked, id=32, stack(0x0000000026a10000,0x0000000026b10000)]
  0x000000001a298800 JavaThread "RMI RenewClean-[127.0.0.1:17121,org.jetbrains.kotlin.daemon.common.LoopbackNetworkInterface$ClientLoopbackSocketFactory@3e861cca]" daemon [_thread_blocked, id=15812, stack(0x0000000026910000,0x0000000026a10000)]
  0x000000001a29f800 JavaThread "RMI Scheduler(0)" daemon [_thread_blocked, id=12872, stack(0x0000000026810000,0x0000000026910000)]
  0x0000000019975800 JavaThread "Cache worker for file content cache (C:\Users\Arka\.gradle\caches\5.6.4\fileContent)" [_thread_blocked, id=8540, stack(0x0000000025a10000,0x0000000025b10000)]
  0x000000001838d800 JavaThread "Daemon worker Thread 2" [_thread_blocked, id=5272, stack(0x000000001b090000,0x000000001b190000)]
  0x0000000018388000 JavaThread "Daemon Thread 2" [_thread_blocked, id=6076, stack(0x0000000000940000,0x0000000000a40000)]
  0x0000000018386000 JavaThread "Memory manager" [_thread_blocked, id=3568, stack(0x0000000022f40000,0x0000000023040000)]
  0x0000000019979000 JavaThread "Cache worker for execution history cache (C:\Users\Arka\.gradle\caches\5.6.4\executionHistory)" [_thread_blocked, id=3160, stack(0x000000001fbd0000,0x000000001fcd0000)]
  0x0000000019976000 JavaThread "Cache worker for journal cache (C:\Users\Arka\.gradle\caches\journal-1)" [_thread_blocked, id=9612, stack(0x000000001bc90000,0x000000001bd90000)]
  0x000000001997a800 JavaThread "File lock request listener" [_thread_in_native, id=10572, stack(0x000000001bb90000,0x000000001bc90000)]
  0x0000000019984800 JavaThread "Cache worker for file hash cache (C:\Users\Arka\.gradle\caches\5.6.4\fileHashes)" [_thread_blocked, id=15124, stack(0x000000001b890000,0x000000001b990000)]
  0x0000000019785800 JavaThread "Daemon periodic checks" [_thread_blocked, id=4720, stack(0x000000001ae90000,0x000000001af90000)]
  0x0000000019784800 JavaThread "Incoming local TCP Connector on port 51776" [_thread_in_native, id=196, stack(0x000000001ac50000,0x000000001ad50000)]
  0x00000000196d1800 JavaThread "Daemon health stats" [_thread_blocked, id=1808, stack(0x000000001a610000,0x000000001a710000)]
  0x0000000017777000 JavaThread "Service Thread" daemon [_thread_blocked, id=16380, stack(0x0000000017c70000,0x0000000017d70000)]
  0x0000000015f7e000 JavaThread "C1 CompilerThread2" daemon [_thread_blocked, id=7544, stack(0x0000000017b70000,0x0000000017c70000)]
=>0x0000000015f77000 JavaThread "C2 CompilerThread1" daemon [_thread_in_native, id=1892, stack(0x0000000017670000,0x0000000017770000)]
  0x0000000015f18800 JavaThread "C2 CompilerThread0" daemon [_thread_in_native, id=7952, stack(0x0000000017570000,0x0000000017670000)]
  0x0000000015f26000 JavaThread "Attach Listener" daemon [_thread_blocked, id=15944, stack(0x0000000017470000,0x0000000017570000)]
  0x0000000015f25000 JavaThread "Signal Dispatcher" daemon [_thread_blocked, id=10696, stack(0x0000000017370000,0x0000000017470000)]
  0x00000000025ab000 JavaThread "Finalizer" daemon [_thread_blocked, id=2708, stack(0x0000000017170000,0x0000000017270000)]
  0x0000000015f09000 JavaThread "Reference Handler" daemon [_thread_blocked, id=16300, stack(0x0000000017070000,0x0000000017170000)]
  0x000000000072e000 JavaThread "main" [_thread_blocked, id=5692, stack(0x00000000023b0000,0x00000000024b0000)]

Other Threads:
  0x0000000015ee6800 VMThread [stack: 0x0000000016f70000,0x0000000017070000] [id=16112]
  0x0000000017777800 WatcherThread [stack: 0x0000000017d70000,0x0000000017e70000] [id=12928]

VM state:not at safepoint (normal execution)

VM Mutex/Monitor currently owned by a thread: None

OutOfMemory and StackOverflow Exception counts:
OutOfMemoryError java_heap_errors=1

heap address: 0x00000000a0000000, size: 1536 MB, Compressed Oops mode: 32-bit
Narrow klass base: 0x0000000000000000, Narrow klass shift: 3
Compressed class space size: 1073741824 Address: 0x0000000100000000

Heap:
 PSYoungGen      total 311808K, used 226506K [0x00000000e0000000, 0x00000000f6800000, 0x0000000100000000)
  eden space 282624K, 80% used [0x00000000e0000000,0x00000000edd32850,0x00000000f1400000)
  from space 29184K, 0% used [0x00000000f4b80000,0x00000000f4b80000,0x00000000f6800000)
  to   space 43008K, 0% used [0x00000000f1400000,0x00000000f1400000,0x00000000f3e00000)
 ParOldGen       total 137728K, used 55835K [0x00000000a0000000, 0x00000000a8680000, 0x00000000e0000000)
  object space 137728K, 40% used [0x00000000a0000000,0x00000000a3686f30,0x00000000a8680000)
 Metaspace       used 104278K, capacity 107974K, committed 109568K, reserved 1144832K
  class space    used 13507K, capacity 14309K, committed 14592K, reserved 1048576K

Card table byte_map: [0x0000000011970000,0x0000000011c80000] byte_map_base: 0x0000000011470000

Marking Bits: (ParMarkBitMap*) 0x0000000069869f30
 Begin Bits: [0x0000000012280000, 0x0000000013a80000)
 End Bits:   [0x0000000013a80000, 0x0000000015280000)

Polling page: 0x00000000003f0000

CodeCache: size=245760Kb used=40241Kb max_used=40254Kb free=205518Kb
 bounds [0x00000000025b0000, 0x0000000004d30000, 0x00000000115b0000]
 total_blobs=12935 nmethods=12026 adapters=820
 compilation: enabled

Compilation events (10 events):
Event: 7301.242 Thread 0x0000000015f7e000 14201       3       com.android.zipflinger.Ints::longToUint (23 bytes)
Event: 7301.243 Thread 0x0000000015f7e000 nmethod 14201 0x0000000004d1ed90 code [0x0000000004d1ef00, 0x0000000004d1f148]
Event: 7301.243 Thread 0x0000000015f7e000 14202       3       com.android.zipflinger.Ints::intToUshort (20 bytes)
Event: 7301.243 Thread 0x0000000015f7e000 nmethod 14202 0x0000000004d1f210 code [0x0000000004d1f380, 0x0000000004d1f5c8]
Event: 7301.243 Thread 0x0000000015f7e000 14203       3       com.android.zipflinger.ZipWriter::write (9 bytes)
Event: 7301.244 Thread 0x0000000015f7e000 nmethod 14203 0x0000000004d1f690 code [0x0000000004d1f800, 0x0000000004d1fa28]
Event: 7301.244 Thread 0x0000000015f7e000 14204       3       com.android.zipflinger.Source::getCompressedSize (5 bytes)
Event: 7301.244 Thread 0x0000000015f7e000 nmethod 14204 0x0000000004d1fb10 code [0x0000000004d1fc60, 0x0000000004d1fdb0]
Event: 7301.244 Thread 0x0000000015f7e000 14205       3       com.android.zipflinger.Source::getUncompressedSize (5 bytes)
Event: 7301.244 Thread 0x0000000015f7e000 nmethod 14205 0x0000000004d1fe50 code [0x0000000004d1ffa0, 0x0000000004d200f0]

GC Heap History (10 events):
Event: 27.061 GC heap before
{Heap before GC invocations=14 (full 3):
 PSYoungGen      total 272896K, used 254464K [0x00000000e0000000, 0x00000000f2780000, 0x0000000100000000)
  eden space 254464K, 100% used [0x00000000e0000000,0x00000000ef880000,0x00000000ef880000)
  from space 18432K, 0% used [0x00000000f0e80000,0x00000000f0e80000,0x00000000f2080000)
  to   space 22528K, 0% used [0x00000000ef880000,0x00000000ef880000,0x00000000f0e80000)
 ParOldGen       total 92672K, used 35271K [0x00000000a0000000, 0x00000000a5a80000, 0x00000000e0000000)
  object space 92672K, 38% used [0x00000000a0000000,0x00000000a2271df0,0x00000000a5a80000)
 Metaspace       used 69690K, capacity 72654K, committed 72960K, reserved 1112064K
  class space    used 9520K, capacity 10120K, committed 10240K, reserved 1048576K
Event: 27.084 GC heap after
Heap after GC invocations=14 (full 3):
 PSYoungGen      total 276992K, used 22434K [0x00000000e0000000, 0x00000000f6500000, 0x0000000100000000)
  eden space 254464K, 0% used [0x00000000e0000000,0x00000000e0000000,0x00000000ef880000)
  from space 22528K, 99% used [0x00000000ef880000,0x00000000f0e68908,0x00000000f0e80000)
  to   space 26112K, 0% used [0x00000000f4b80000,0x00000000f4b80000,0x00000000f6500000)
 ParOldGen       total 92672K, used 35279K [0x00000000a0000000, 0x00000000a5a80000, 0x00000000e0000000)
  object space 92672K, 38% used [0x00000000a0000000,0x00000000a2273df0,0x00000000a5a80000)
 Metaspace       used 69690K, capacity 72654K, committed 72960K, reserved 1112064K
  class space    used 9520K, capacity 10120K, committed 10240K, reserved 1048576K
}
Event: 30.085 GC heap before
{Heap before GC invocations=15 (full 3):
 PSYoungGen      total 276992K, used 276898K [0x00000000e0000000, 0x00000000f6500000, 0x0000000100000000)
  eden space 254464K, 100% used [0x00000000e0000000,0x00000000ef880000,0x00000000ef880000)
  from space 22528K, 99% used [0x00000000ef880000,0x00000000f0e68908,0x00000000f0e80000)
  to   space 26112K, 0% used [0x00000000f4b80000,0x00000000f4b80000,0x00000000f6500000)
 ParOldGen       total 92672K, used 35279K [0x00000000a0000000, 0x00000000a5a80000, 0x00000000e0000000)
  object space 92672K, 38% used [0x00000000a0000000,0x00000000a2273df0,0x00000000a5a80000)
 Metaspace       used 71414K, capacity 74256K, committed 74496K, reserved 1114112K
  class space    used 9625K, capacity 10213K, committed 10240K, reserved 1048576K
Event: 30.115 GC heap after
Heap after GC invocations=15 (full 3):
 PSYoungGen      total 333824K, used 26092K [0x00000000e0000000, 0x00000000f6f80000, 0x0000000100000000)
  eden space 307712K, 0% used [0x00000000e0000000,0x00000000e0000000,0x00000000f2c80000)
  from space 26112K, 99% used [0x00000000f4b80000,0x00000000f64fb0b0,0x00000000f6500000)
  to   space 31744K, 0% used [0x00000000f2c80000,0x00000000f2c80000,0x00000000f4b80000)
 ParOldGen       total 92672K, used 38686K [0x00000000a0000000, 0x00000000a5a80000, 0x00000000e0000000)
  object space 92672K, 41% used [0x00000000a0000000,0x00000000a25c78a8,0x00000000a5a80000)
 Metaspace       used 71414K, capacity 74256K, committed 74496K, reserved 1114112K
  class space    used 9625K, capacity 10213K, committed 10240K, reserved 1048576K
}
Event: 7251.299 GC heap before
{Heap before GC invocations=16 (full 3):
 PSYoungGen      total 333824K, used 333804K [0x00000000e0000000, 0x00000000f6f80000, 0x0000000100000000)
  eden space 307712K, 100% used [0x00000000e0000000,0x00000000f2c80000,0x00000000f2c80000)
  from space 26112K, 99% used [0x00000000f4b80000,0x00000000f64fb0b0,0x00000000f6500000)
  to   space 31744K, 0% used [0x00000000f2c80000,0x00000000f2c80000,0x00000000f4b80000)
 ParOldGen       total 92672K, used 38686K [0x00000000a0000000, 0x00000000a5a80000, 0x00000000e0000000)
  object space 92672K, 41% used [0x00000000a0000000,0x00000000a25c78a8,0x00000000a5a80000)
 Metaspace       used 85725K, capacity 89654K, committed 89984K, reserved 1126400K
  class space    used 11209K, capacity 12070K, committed 12160K, reserved 1048576K
Event: 7252.404 GC heap after
Heap after GC invocations=16 (full 3):
 PSYoungGen      total 326656K, used 31725K [0x00000000e0000000, 0x00000000f7700000, 0x0000000100000000)
  eden space 294912K, 0% used [0x00000000e0000000,0x00000000e0000000,0x00000000f2000000)
  from space 31744K, 99% used [0x00000000f2c80000,0x00000000f4b7b5d0,0x00000000f4b80000)
  to   space 44544K, 0% used [0x00000000f4b80000,0x00000000f4b80000,0x00000000f7700000)
 ParOldGen       total 92672K, used 59607K [0x00000000a0000000, 0x00000000a5a80000, 0x00000000e0000000)
  object space 92672K, 64% used [0x00000000a0000000,0x00000000a3a35d08,0x00000000a5a80000)
 Metaspace       used 85725K, capacity 89654K, committed 89984K, reserved 1126400K
  class space    used 11209K, capacity 12070K, committed 12160K, reserved 1048576K
}
Event: 7257.567 GC heap before
{Heap before GC invocations=17 (full 3):
 PSYoungGen      total 326656K, used 229885K [0x00000000e0000000, 0x00000000f7700000, 0x0000000100000000)
  eden space 294912K, 67% used [0x00000000e0000000,0x00000000ec184088,0x00000000f2000000)
  from space 31744K, 99% used [0x00000000f2c80000,0x00000000f4b7b5d0,0x00000000f4b80000)
  to   space 44544K, 0% used [0x00000000f4b80000,0x00000000f4b80000,0x00000000f7700000)
 ParOldGen       total 92672K, used 59607K [0x00000000a0000000, 0x00000000a5a80000, 0x00000000e0000000)
  object space 92672K, 64% used [0x00000000a0000000,0x00000000a3a35d08,0x00000000a5a80000)
 Metaspace       used 94160K, capacity 98460K, committed 98560K, reserved 1134592K
  class space    used 12536K, capacity 13417K, committed 13440K, reserved 1048576K
Event: 7257.626 GC heap after
Heap after GC invocations=17 (full 3):
 PSYoungGen      total 311808K, used 19771K [0x00000000e0000000, 0x00000000f6800000, 0x0000000100000000)
  eden space 282624K, 0% used [0x00000000e0000000,0x00000000e0000000,0x00000000f1400000)
  from space 29184K, 67% used [0x00000000f4b80000,0x00000000f5eced20,0x00000000f6800000)
  to   space 43008K, 0% used [0x00000000f1400000,0x00000000f1400000,0x00000000f3e00000)
 ParOldGen       total 92672K, used 69578K [0x00000000a0000000, 0x00000000a5a80000, 0x00000000e0000000)
  object space 92672K, 75% used [0x00000000a0000000,0x00000000a43f28f0,0x00000000a5a80000)
 Metaspace       used 94160K, capacity 98460K, committed 98560K, reserved 1134592K
  class space    used 12536K, capacity 13417K, committed 13440K, reserved 1048576K
}
Event: 7257.626 GC heap before
{Heap before GC invocations=18 (full 4):
 PSYoungGen      total 311808K, used 19771K [0x00000000e0000000, 0x00000000f6800000, 0x0000000100000000)
  eden space 282624K, 0% used [0x00000000e0000000,0x00000000e0000000,0x00000000f1400000)
  from space 29184K, 67% used [0x00000000f4b80000,0x00000000f5eced20,0x00000000f6800000)
  to   space 43008K, 0% used [0x00000000f1400000,0x00000000f1400000,0x00000000f3e00000)
 ParOldGen       total 92672K, used 69578K [0x00000000a0000000, 0x00000000a5a80000, 0x00000000e0000000)
  object space 92672K, 75% used [0x00000000a0000000,0x00000000a43f28f0,0x00000000a5a80000)
 Metaspace       used 94160K, capacity 98460K, committed 98560K, reserved 1134592K
  class space    used 12536K, capacity 13417K, committed 13440K, reserved 1048576K
Event: 7258.576 GC heap after
Heap after GC invocations=18 (full 4):
 PSYoungGen      total 311808K, used 0K [0x00000000e0000000, 0x00000000f6800000, 0x0000000100000000)
  eden space 282624K, 0% used [0x00000000e0000000,0x00000000e0000000,0x00000000f1400000)
  from space 29184K, 0% used [0x00000000f4b80000,0x00000000f4b80000,0x00000000f6800000)
  to   space 43008K, 0% used [0x00000000f1400000,0x00000000f1400000,0x00000000f3e00000)
 ParOldGen       total 137728K, used 55835K [0x00000000a0000000, 0x00000000a8680000, 0x00000000e0000000)
  object space 137728K, 40% used [0x00000000a0000000,0x00000000a3686f30,0x00000000a8680000)
 Metaspace       used 92932K, capacity 96136K, committed 98560K, reserved 1134592K
  class space    used 12285K, capacity 12964K, committed 13440K, reserved 1048576K
}

Deoptimization events (10 events):
Event: 7301.048 Thread 0x000000001838c000 Uncommon trap: reason=class_check action=maybe_recompile pc=0x0000000004caa828 method=com.google.common.collect.ImmutableList$1.get(I)Ljava/lang/Object; @ 5
Event: 7301.048 Thread 0x000000001838c000 Uncommon trap: reason=class_check action=maybe_recompile pc=0x0000000004caa828 method=com.google.common.collect.ImmutableList$1.get(I)Ljava/lang/Object; @ 5
Event: 7301.048 Thread 0x000000001838c000 Uncommon trap: reason=class_check action=maybe_recompile pc=0x0000000004cb0960 method=com.google.common.collect.IndexedImmutableSet$1.get(I)Ljava/lang/Object; @ 5
Event: 7301.048 Thread 0x000000001838c000 Uncommon trap: reason=class_check action=maybe_recompile pc=0x0000000004cb0960 method=com.google.common.collect.IndexedImmutableSet$1.get(I)Ljava/lang/Object; @ 5
Event: 7301.048 Thread 0x000000001838c000 Uncommon trap: reason=class_check action=maybe_recompile pc=0x0000000004cb0960 method=com.google.common.collect.IndexedImmutableSet$1.get(I)Ljava/lang/Object; @ 5
Event: 7301.160 Thread 0x000000001838c000 Uncommon trap: reason=bimorphic action=maybe_recompile pc=0x0000000004cdf010 method=com.android.ide.common.symbols.SymbolTable$getSymbolByResourceType$$inlined$compareBy$1.compare(Ljava/lang/Object;Ljava/lang/Object;)I @ 13
Event: 7301.160 Thread 0x000000001838c000 Uncommon trap: reason=bimorphic action=maybe_recompile pc=0x0000000004cdf010 method=com.android.ide.common.symbols.SymbolTable$getSymbolByResourceType$$inlined$compareBy$1.compare(Ljava/lang/Object;Ljava/lang/Object;)I @ 13
Event: 7301.160 Thread 0x000000001838c000 Uncommon trap: reason=bimorphic action=maybe_recompile pc=0x0000000004cdf010 method=com.android.ide.common.symbols.SymbolTable$getSymbolByResourceType$$inlined$compareBy$1.compare(Ljava/lang/Object;Ljava/lang/Object;)I @ 13
Event: 7301.160 Thread 0x000000001838c000 Uncommon trap: reason=bimorphic action=maybe_recompile pc=0x0000000004cdf010 method=com.android.ide.common.symbols.SymbolTable$getSymbolByResourceType$$inlined$compareBy$1.compare(Ljava/lang/Object;Ljava/lang/Object;)I @ 13
Event: 7301.181 Thread 0x000000001838c000 Uncommon trap: reason=unstable_if action=reinterpret pc=0x0000000004cdf548 method=org.objectweb.asm.ByteVector.putShort(I)Lorg/objectweb/asm/ByteVector; @ 13

Classes redefined (0 events):
No events

Internal exceptions (10 events):
Event: 7296.090 Thread 0x0000000018389800 Exception <a 'java/lang/NoSuchMethodError': <clinit>> (0x00000000ec168368) thrown at [D:\src\AOSP-openjdk-cygwin\jdk8u\hotspot\src\share\vm\prims\jni.cpp, line 1614]
Event: 7296.091 Thread 0x0000000018389800 Exception <a 'java/lang/NoSuchMethodError': <clinit>> (0x00000000ec18fbf8) thrown at [D:\src\AOSP-openjdk-cygwin\jdk8u\hotspot\src\share\vm\prims\jni.cpp, line 1614]
Event: 7296.091 Thread 0x0000000018389800 Exception <a 'java/lang/NoSuchMethodError': <clinit>> (0x00000000ec194ae0) thrown at [D:\src\AOSP-openjdk-cygwin\jdk8u\hotspot\src\share\vm\prims\jni.cpp, line 1614]
Event: 7296.092 Thread 0x0000000018389800 Exception <a 'java/lang/NoSuchMethodError': <clinit>> (0x00000000ec1a2150) thrown at [D:\src\AOSP-openjdk-cygwin\jdk8u\hotspot\src\share\vm\prims\jni.cpp, line 1614]
Event: 7296.094 Thread 0x0000000018389800 Exception <a 'java/lang/NoSuchMethodError': <clinit>> (0x00000000ec1c4f60) thrown at [D:\src\AOSP-openjdk-cygwin\jdk8u\hotspot\src\share\vm\prims\jni.cpp, line 1614]
Event: 7296.098 Thread 0x0000000018389800 Exception <a 'java/lang/NoSuchMethodError': <clinit>> (0x00000000ec223e00) thrown at [D:\src\AOSP-openjdk-cygwin\jdk8u\hotspot\src\share\vm\prims\jni.cpp, line 1614]
Event: 7296.101 Thread 0x0000000018389800 Exception <a 'java/lang/NoSuchMethodError': <clinit>> (0x00000000ec23f2c8) thrown at [D:\src\AOSP-openjdk-cygwin\jdk8u\hotspot\src\share\vm\prims\jni.cpp, line 1614]
Event: 7296.107 Thread 0x0000000018389800 Exception <a 'java/lang/NoSuchMethodError': <clinit>> (0x00000000ec2a8db0) thrown at [D:\src\AOSP-openjdk-cygwin\jdk8u\hotspot\src\share\vm\prims\jni.cpp, line 1614]
Event: 7301.090 Thread 0x000000001838c000 Exception <a 'sun/nio/fs/WindowsException'> (0x00000000ed239508) thrown at [D:\src\AOSP-openjdk-cygwin\jdk8u\hotspot\src\share\vm\prims\jni.cpp, line 710]
Event: 7301.090 Thread 0x000000001838c000 Exception <a 'sun/nio/fs/WindowsException'> (0x00000000ed2399b0) thrown at [D:\src\AOSP-openjdk-cygwin\jdk8u\hotspot\src\share\vm\prims\jni.cpp, line 710]

Events (10 events):
Event: 7301.160 Thread 0x000000001838c000 DEOPT UNPACKING pc=0x00000000025f557b sp=0x000000002740d9c8 mode 2
Event: 7301.163 loading class org/objectweb/asm/commons/Method
Event: 7301.163 loading class org/objectweb/asm/commons/Method done
Event: 7301.172 loading class org/objectweb/asm/commons/GeneratorAdapter
Event: 7301.172 loading class org/objectweb/asm/commons/GeneratorAdapter done
Event: 7301.175 loading class org/objectweb/asm/commons/LocalVariablesSorter
Event: 7301.175 loading class org/objectweb/asm/commons/LocalVariablesSorter done
Event: 7301.181 Thread 0x000000001838c000 Uncommon trap: trap_request=0xffffff65 fr.pc=0x0000000004cdf548
Event: 7301.181 Thread 0x000000001838c000 DEOPT PACKING pc=0x0000000004cdf548 sp=0x000000002740dd80
Event: 7301.181 Thread 0x000000001838c000 DEOPT UNPACKING pc=0x00000000025f557b sp=0x000000002740dd20 mode 2


Dynamic libraries:
0x00007ff7f2c80000 - 0x00007ff7f2cb1000 	C:\Program Files\Android\Android Studio\jre\bin\java.exe
0x00007ff921e60000 - 0x00007ff922050000 	C:\WINDOWS\SYSTEM32\ntdll.dll
0x00007ff921780000 - 0x00007ff921832000 	C:\WINDOWS\System32\KERNEL32.DLL
0x00007ff91fc00000 - 0x00007ff91fea3000 	C:\WINDOWS\System32\KERNELBASE.dll
0x00007ff920640000 - 0x00007ff9206e3000 	C:\WINDOWS\System32\ADVAPI32.dll
0x00007ff9216a0000 - 0x00007ff92173e000 	C:\WINDOWS\System32\msvcrt.dll
0x00007ff921cb0000 - 0x00007ff921d47000 	C:\WINDOWS\System32\sechost.dll
0x00007ff920ea0000 - 0x00007ff920fc0000 	C:\WINDOWS\System32\RPCRT4.dll
0x00007ff921b10000 - 0x00007ff921ca4000 	C:\WINDOWS\System32\USER32.dll
0x00007ff91fad0000 - 0x00007ff91faf1000 	C:\WINDOWS\System32\win32u.dll
0x00007ff9206f0000 - 0x00007ff920716000 	C:\WINDOWS\System32\GDI32.dll
0x00007ff91f710000 - 0x00007ff91f8a4000 	C:\WINDOWS\System32\gdi32full.dll
0x00007ff91f980000 - 0x00007ff91fa1e000 	C:\WINDOWS\System32\msvcp_win.dll
0x00007ff91fb00000 - 0x00007ff91fbfa000 	C:\WINDOWS\System32\ucrtbase.dll
0x00007ff910cd0000 - 0x00007ff910f55000 	C:\WINDOWS\WinSxS\amd64_microsoft.windows.common-controls_6595b64144ccf1df_6.0.18362.752_none_e6c0b5ed1312b70c\COMCTL32.dll
0x00007ff9211b0000 - 0x00007ff9214e6000 	C:\WINDOWS\System32\combase.dll
0x00007ff91f900000 - 0x00007ff91f980000 	C:\WINDOWS\System32\bcryptPrimitives.dll
0x00007ff921750000 - 0x00007ff92177e000 	C:\WINDOWS\System32\IMM32.DLL
0x0000000068ee0000 - 0x0000000068fb2000 	C:\Program Files\Android\Android Studio\jre\jre\bin\msvcr100.dll
0x00000000690a0000 - 0x00000000698e6000 	C:\Program Files\Android\Android Studio\jre\jre\bin\server\jvm.dll
0x00007ff921740000 - 0x00007ff921748000 	C:\WINDOWS\System32\PSAPI.DLL
0x00007ff900ae0000 - 0x00007ff900ae9000 	C:\WINDOWS\SYSTEM32\WSOCK32.dll
0x00007ff921db0000 - 0x00007ff921e1f000 	C:\WINDOWS\System32\WS2_32.dll
0x00007ff90fd80000 - 0x00007ff90fda4000 	C:\WINDOWS\SYSTEM32\WINMM.dll
0x00007ff918400000 - 0x00007ff91840a000 	C:\WINDOWS\SYSTEM32\VERSION.dll
0x00007ff90fd00000 - 0x00007ff90fd2d000 	C:\WINDOWS\SYSTEM32\WINMMBASE.dll
0x00007ff91f8b0000 - 0x00007ff91f8fa000 	C:\WINDOWS\System32\cfgmgr32.dll
0x00007ff919eb0000 - 0x00007ff919ebf000 	C:\Program Files\Android\Android Studio\jre\jre\bin\verify.dll
0x00007ff917960000 - 0x00007ff917989000 	C:\Program Files\Android\Android Studio\jre\jre\bin\java.dll
0x00007ff919b00000 - 0x00007ff919b16000 	C:\Program Files\Android\Android Studio\jre\jre\bin\zip.dll
0x00007ff9207b0000 - 0x00007ff920e95000 	C:\WINDOWS\System32\SHELL32.dll
0x00007ff921a60000 - 0x00007ff921b09000 	C:\WINDOWS\System32\shcore.dll
0x00007ff91ee20000 - 0x00007ff91f5a0000 	C:\WINDOWS\System32\windows.storage.dll
0x00007ff91ed50000 - 0x00007ff91ed73000 	C:\WINDOWS\System32\profapi.dll
0x00007ff91eda0000 - 0x00007ff91edea000 	C:\WINDOWS\System32\powrprof.dll
0x00007ff91ed20000 - 0x00007ff91ed30000 	C:\WINDOWS\System32\UMPDC.dll
0x00007ff921d50000 - 0x00007ff921da2000 	C:\WINDOWS\System32\shlwapi.dll
0x00007ff91ed80000 - 0x00007ff91ed91000 	C:\WINDOWS\System32\kernel.appcore.dll
0x00007ff91f6f0000 - 0x00007ff91f707000 	C:\WINDOWS\System32\cryptsp.dll
0x00007ff919270000 - 0x00007ff91928a000 	C:\Program Files\Android\Android Studio\jre\jre\bin\net.dll
0x00007ff915320000 - 0x00007ff9154f5000 	C:\WINDOWS\SYSTEM32\urlmon.dll
0x00007ff914660000 - 0x00007ff914906000 	C:\WINDOWS\SYSTEM32\iertutil.dll
0x00007ff91e760000 - 0x00007ff91e76c000 	C:\WINDOWS\SYSTEM32\CRYPTBASE.DLL
0x00007ff91e590000 - 0x00007ff91e5f7000 	C:\WINDOWS\system32\mswsock.dll
0x00007ff917ff0000 - 0x00007ff918003000 	C:\Program Files\Android\Android Studio\jre\jre\bin\nio.dll
0x00007ff915620000 - 0x00007ff915646000 	C:\Users\Arka\.gradle\native\30\windows-amd64\native-platform.dll
0x00007ff917e20000 - 0x00007ff917e2d000 	C:\Program Files\Android\Android Studio\jre\jre\bin\management.dll
0x00007ff91e100000 - 0x00007ff91e133000 	C:\WINDOWS\system32\rsaenh.dll
0x00007ff91edf0000 - 0x00007ff91ee16000 	C:\WINDOWS\System32\bcrypt.dll
0x00007ff91ec40000 - 0x00007ff91ec65000 	C:\WINDOWS\SYSTEM32\USERENV.dll
0x00007ff91e2a0000 - 0x00007ff91e2da000 	C:\WINDOWS\SYSTEM32\IPHLPAPI.DLL
0x00007ff921050000 - 0x00007ff921058000 	C:\WINDOWS\System32\NSI.dll
0x00007ff91add0000 - 0x00007ff91ade6000 	C:\WINDOWS\SYSTEM32\dhcpcsvc6.DLL
0x00007ff91adb0000 - 0x00007ff91adcc000 	C:\WINDOWS\SYSTEM32\dhcpcsvc.DLL
0x00007ff91e2e0000 - 0x00007ff91e3aa000 	C:\WINDOWS\SYSTEM32\DNSAPI.dll
0x00007ff915540000 - 0x00007ff915564000 	C:\Program Files\Android\Android Studio\jre\jre\bin\sunec.dll
0x00007ff91a030000 - 0x00007ff91a03a000 	C:\Windows\System32\rasadhlp.dll
0x00007ff91a770000 - 0x00007ff91a7e7000 	C:\WINDOWS\System32\fwpuclnt.dll
0x00007ff917e10000 - 0x00007ff917e1b000 	C:\Program Files\Android\Android Studio\jre\jre\bin\sunmscapi.dll
0x00007ff91f5a0000 - 0x00007ff91f6e9000 	C:\WINDOWS\System32\CRYPT32.dll
0x00007ff91ed30000 - 0x00007ff91ed42000 	C:\WINDOWS\System32\MSASN1.dll
0x00007ff915570000 - 0x00007ff91558e000 	C:\Users\Arka\AppData\Local\Temp\native-platform8414825489152506419dir\native-platform.dll
0x00007ff91cf30000 - 0x00007ff91cfbf000 	C:\WINDOWS\system32\apphelp.dll

VM Arguments:
jvm_args: -Xmx1536m -Dfile.encoding=windows-1252 -Duser.country=US -Duser.language=en -Duser.variant 
java_command: org.gradle.launcher.daemon.bootstrap.GradleDaemon 5.6.4
java_class_path (initial): C:\Users\Arka\.gradle\wrapper\dists\gradle-5.6.4-all\ankdp27end7byghfw1q2sw75f\gradle-5.6.4\lib\gradle-launcher-5.6.4.jar
Launcher Type: SUN_STANDARD

Environment Variables:
PATH=C:\ProgramData\Oracle\Java\javapath;C:\Windows\system32;C:\Windows;C:\Windows\System32\Wbem;C:\Windows\System32\WindowsPowerShell\v1.0\;C:\Windows\System32\OpenSSH\;C:\Program Files (x86)\NVIDIA Corporation\PhysX\Common;C:\Program Files\Java\jdk-11.0.1\bin;C:\Program Files\NVIDIA Corporation\NVIDIA NvDLISR;C:\Program Files\Git\cmd;C:\Program Files\nodejs\;C:\Program Files (x86)\Brackets\command;%SystemRoot%\system32;%SystemRoot%;%SystemRoot%\System32\Wbem;%SYSTEMROOT%\System32\WindowsPowerShell\v1.0\;%SYSTEMROOT%\System32\OpenSSH\;C:\Users\Arka\AppData\Local\Programs\Python\Python37-32\Scripts\;C:\Users\Arka\AppData\Local\Programs\Python\Python37-32\;C:\Users\Arka\AppData\Local\Microsoft\WindowsApps;;C:\Users\Arka\AppData\Local\Programs\Microsoft VS Code\bin;C:\Users\Arka\AppData\Roaming\npm
USERNAME=Arka
OS=Windows_NT
PROCESSOR_IDENTIFIER=Intel64 Family 6 Model 60 Stepping 3, GenuineIntel



---------------  S Y S T E M  ---------------

OS: Windows 10.0 , 64 bit Build 18362 (10.0.18362.752)

CPU:total 4 (initial active 4) (4 cores per cpu, 1 threads per core) family 6 model 60 stepping 3, cmov, cx8, fxsr, mmx, sse, sse2, sse3, ssse3, sse4.1, sse4.2, popcnt, avx, avx2, aes, clmul, erms, lzcnt, tsc, tscinvbit, bmi1, bmi2

Memory: 4k page, physical 4131084k(291900k free), swap 17111308k(360k free)

vm_info: OpenJDK 64-Bit Server VM (25.212-b04) for windows-amd64 JRE (1.8.0_212-release-1586-b04), built by "builder" with MS VC++ 10.0 (VS2010)

time: Sun Mar 29 02:07:01 2020
timezone: India Standard Time
elapsed time: 7301 seconds (0d 2h 1m 41s)

