#
# There is insufficient memory for the Java Runtime Environment to continue.
# Native memory allocation (malloc) failed to allocate 87936 bytes for Chunk::new
# Possible reasons:
#   The system is out of physical RAM or swap space
#   The process is running with CompressedOops enabled, and the Java Heap may be blocking the growth of the native heap
# Possible solutions:
#   Reduce memory load on the system
#   Increase physical memory or swap space
#   Check if swap backing store is full
#   Decrease Java heap size (-Xmx/-Xms)
#   Decrease number of Java threads
#   Decrease Java thread stack sizes (-Xss)
#   Set larger code cache with -XX:ReservedCodeCacheSize=
#   JVM is running with Unscaled Compressed Oops mode in which the Java heap is
#     placed in the first 4GB address space. The Java Heap base address is the
#     maximum limit for the native heap growth. Please use -XX:HeapBaseMinAddress
#     to set the Java Heap base and to place the Java Heap above 4GB virtual address.
# This output file may be truncated or incomplete.
#
#  Out of Memory Error (allocation.cpp:389), pid=3312, tid=0x0000000000002f44
#
# JRE version: OpenJDK Runtime Environment (8.0_212-b04) (build 1.8.0_212-release-1586-b04)
# Java VM: OpenJDK 64-Bit Server VM (25.212-b04 mixed mode windows-amd64 compressed oops)
# Failed to write core dump. Minidumps are not enabled by default on client versions of Windows
#

---------------  T H R E A D  ---------------

Current thread (0x000000001529b800):  JavaThread "C2 CompilerThread0" daemon [_thread_in_native, id=12100, stack(0x00000000168f0000,0x00000000169f0000)]

Stack: [0x00000000168f0000,0x00000000169f0000]
[error occurred during error reporting (printing stack bounds), id 0xc0000005]

Native frames: (J=compiled Java code, j=interpreted, Vv=VM code, C=native code)


Current CompileTask:
C2:   4813 2527       4       sun.net.www.ParseUtil::encodePath (336 bytes)


---------------  P R O C E S S  ---------------

Java Threads: ( => current thread )
  0x0000000016b0a800 JavaThread "Service Thread" daemon [_thread_blocked, id=2476, stack(0x0000000016ff0000,0x00000000170f0000)]
  0x00000000152e9000 JavaThread "C1 CompilerThread2" daemon [_thread_blocked, id=4316, stack(0x0000000016ef0000,0x0000000016ff0000)]
  0x000000001528c800 JavaThread "C2 CompilerThread1" daemon [_thread_blocked, id=4224, stack(0x00000000169f0000,0x0000000016af0000)]
=>0x000000001529b800 JavaThread "C2 CompilerThread0" daemon [_thread_in_native, id=12100, stack(0x00000000168f0000,0x00000000169f0000)]
  0x000000001529a000 JavaThread "Attach Listener" daemon [_thread_blocked, id=244, stack(0x00000000167f0000,0x00000000168f0000)]
  0x0000000015299000 JavaThread "Signal Dispatcher" daemon [_thread_blocked, id=1984, stack(0x00000000166f0000,0x00000000167f0000)]
  0x000000001527a000 JavaThread "Finalizer" daemon [_thread_blocked, id=2560, stack(0x00000000164f0000,0x00000000165f0000)]
  0x0000000015279000 JavaThread "Reference Handler" daemon [_thread_blocked, id=8448, stack(0x00000000163f0000,0x00000000164f0000)]
  0x0000000002b45000 JavaThread "main" [_thread_in_vm, id=10636, stack(0x0000000002a40000,0x0000000002b40000)]

Other Threads:
  0x0000000015256000 VMThread [stack: 0x00000000162f0000,0x00000000163f0000] [id=10740]
  0x0000000016b0c000 WatcherThread [stack: 0x00000000170f0000,0x00000000171f0000] [id=3100]

VM state:not at safepoint (normal execution)

VM Mutex/Monitor currently owned by a thread: None

heap address: 0x00000000c0e00000, size: 1010 MB, Compressed Oops mode: 32-bit
Narrow klass base: 0x0000000000000000, Narrow klass shift: 3
Compressed class space size: 1073741824 Address: 0x0000000100000000

Heap:
 PSYoungGen      total 56320K, used 6712K [0x00000000eaf80000, 0x00000000eff80000, 0x0000000100000000)
  eden space 48128K, 15% used [0x00000000eaf80000,0x00000000eb6f9f90,0x00000000ede80000)
  from space 8192K, 0% used [0x00000000ef780000,0x00000000ef780000,0x00000000eff80000)
  to   space 8704K, 0% used [0x00000000eee80000,0x00000000eee80000,0x00000000ef700000)
 ParOldGen       total 39424K, used 14904K [0x00000000c0e00000, 0x00000000c3480000, 0x00000000eaf80000)
  object space 39424K, 37% used [0x00000000c0e00000,0x00000000c1c8e3e0,0x00000000c3480000)
 Metaspace       used 35773K, capacity 36305K, committed 36864K, reserved 1081344K
  class space    used 4616K, capacity 4751K, committed 4864K, reserved 1048576K

Card table byte_map: [0x0000000012000000,0x0000000012200000] byte_map_base: 0x00000000119f9000

Marking Bits: (ParMarkBitMap*) 0x0000000069869f30
 Begin Bits: [0x0000000012760000, 0x0000000013728000)
 End Bits:   [0x0000000013728000, 0x00000000146f0000)

Polling page: 0x0000000002870000

CodeCache: size=245760Kb used=7564Kb max_used=7564Kb free=238195Kb
 bounds [0x0000000002c40000, 0x00000000033b0000, 0x0000000011c40000]
 total_blobs=2961 nmethods=2524 adapters=350
 compilation: enabled

Compilation events (10 events):
Event: 4.795 Thread 0x00000000152e9000 nmethod 2522 0x00000000033a7190 code [0x00000000033a72e0, 0x00000000033a7490]
Event: 4.795 Thread 0x00000000152e9000 2523       3       org.jetbrains.kotlin.cli.jvm.index.JvmDependenciesIndexImpl::getRoots (26 bytes)
Event: 4.796 Thread 0x00000000152e9000 nmethod 2523 0x00000000033a7550 code [0x00000000033a76c0, 0x00000000033a7a08]
Event: 4.796 Thread 0x00000000152e9000 2524       1       org.jetbrains.kotlin.cli.jvm.index.JavaRoot::getPrefixFqName (5 bytes)
Event: 4.796 Thread 0x00000000152e9000 nmethod 2524 0x00000000033a7b90 code [0x00000000033a7ce0, 0x00000000033a7df0]
Event: 4.796 Thread 0x00000000152e9000 2525       3       org.jetbrains.kotlin.storage.LockBasedStorageManager::createConcurrentHashMap (11 bytes)
Event: 4.796 Thread 0x00000000152e9000 nmethod 2525 0x00000000033a7e50 code [0x00000000033a7fe0, 0x00000000033a81c8]
Event: 4.796 Thread 0x00000000152e9000 2526       3       org.jetbrains.kotlin.storage.LockBasedStorageManager$MapBasedMemoizedFunction::<init> (44 bytes)
Event: 4.796 Thread 0x00000000152e9000 nmethod 2526 0x00000000033a8290 code [0x00000000033a8420, 0x00000000033a8788]
Event: 4.802 Thread 0x000000001529b800 2527       4       sun.net.www.ParseUtil::encodePath (336 bytes)

GC Heap History (10 events):
Event: 2.244 GC heap before
{Heap before GC invocations=6 (full 1):
 PSYoungGen      total 35328K, used 2532K [0x00000000eaf80000, 0x00000000eff80000, 0x0000000100000000)
  eden space 32768K, 0% used [0x00000000eaf80000,0x00000000eaf80000,0x00000000ecf80000)
  from space 2560K, 98% used [0x00000000ecf80000,0x00000000ed1f9020,0x00000000ed200000)
  to   space 8192K, 0% used [0x00000000ef780000,0x00000000ef780000,0x00000000eff80000)
 ParOldGen       total 44032K, used 15389K [0x00000000c0e00000, 0x00000000c3900000, 0x00000000eaf80000)
  object space 44032K, 34% used [0x00000000c0e00000,0x00000000c1d07548,0x00000000c3900000)
 Metaspace       used 20719K, capacity 21110K, committed 21296K, reserved 1069056K
  class space    used 2462K, capacity 2597K, committed 2688K, reserved 1048576K
Event: 2.279 GC heap after
Heap after GC invocations=6 (full 1):
 PSYoungGen      total 35328K, used 0K [0x00000000eaf80000, 0x00000000eff80000, 0x0000000100000000)
  eden space 32768K, 0% used [0x00000000eaf80000,0x00000000eaf80000,0x00000000ecf80000)
  from space 2560K, 0% used [0x00000000ecf80000,0x00000000ecf80000,0x00000000ed200000)
  to   space 8192K, 0% used [0x00000000ef780000,0x00000000ef780000,0x00000000eff80000)
 ParOldGen       total 39424K, used 8773K [0x00000000c0e00000, 0x00000000c3480000, 0x00000000eaf80000)
  object space 39424K, 22% used [0x00000000c0e00000,0x00000000c1691680,0x00000000c3480000)
 Metaspace       used 20719K, capacity 21110K, committed 21296K, reserved 1069056K
  class space    used 2462K, capacity 2597K, committed 2688K, reserved 1048576K
}
Event: 3.314 GC heap before
{Heap before GC invocations=7 (full 1):
 PSYoungGen      total 35328K, used 32768K [0x00000000eaf80000, 0x00000000eff80000, 0x0000000100000000)
  eden space 32768K, 100% used [0x00000000eaf80000,0x00000000ecf80000,0x00000000ecf80000)
  from space 2560K, 0% used [0x00000000ecf80000,0x00000000ecf80000,0x00000000ed200000)
  to   space 8192K, 0% used [0x00000000ef780000,0x00000000ef780000,0x00000000eff80000)
 ParOldGen       total 39424K, used 8773K [0x00000000c0e00000, 0x00000000c3480000, 0x00000000eaf80000)
  object space 39424K, 22% used [0x00000000c0e00000,0x00000000c1691680,0x00000000c3480000)
 Metaspace       used 24394K, capacity 24812K, committed 25216K, reserved 1071104K
  class space    used 2922K, capacity 3082K, committed 3200K, reserved 1048576K
Event: 3.323 GC heap after
Heap after GC invocations=7 (full 1):
 PSYoungGen      total 56320K, used 7814K [0x00000000eaf80000, 0x00000000eff80000, 0x0000000100000000)
  eden space 48128K, 0% used [0x00000000eaf80000,0x00000000eaf80000,0x00000000ede80000)
  from space 8192K, 95% used [0x00000000ef780000,0x00000000eff21a70,0x00000000eff80000)
  to   space 8704K, 0% used [0x00000000eee80000,0x00000000eee80000,0x00000000ef700000)
 ParOldGen       total 39424K, used 8781K [0x00000000c0e00000, 0x00000000c3480000, 0x00000000eaf80000)
  object space 39424K, 22% used [0x00000000c0e00000,0x00000000c1693680,0x00000000c3480000)
 Metaspace       used 24394K, capacity 24812K, committed 25216K, reserved 1071104K
  class space    used 2922K, capacity 3082K, committed 3200K, reserved 1048576K
}
Event: 4.463 GC heap before
{Heap before GC invocations=8 (full 1):
 PSYoungGen      total 56320K, used 55942K [0x00000000eaf80000, 0x00000000eff80000, 0x0000000100000000)
  eden space 48128K, 100% used [0x00000000eaf80000,0x00000000ede80000,0x00000000ede80000)
  from space 8192K, 95% used [0x00000000ef780000,0x00000000eff21a70,0x00000000eff80000)
  to   space 8704K, 0% used [0x00000000eee80000,0x00000000eee80000,0x00000000ef700000)
 ParOldGen       total 39424K, used 8781K [0x00000000c0e00000, 0x00000000c3480000, 0x00000000eaf80000)
  object space 39424K, 22% used [0x00000000c0e00000,0x00000000c1693680,0x00000000c3480000)
 Metaspace       used 33554K, capacity 34033K, committed 34432K, reserved 1079296K
  class space    used 4335K, capacity 4473K, committed 4480K, reserved 1048576K
Event: 4.476 GC heap after
Heap after GC invocations=8 (full 1):
 PSYoungGen      total 56832K, used 8692K [0x00000000eaf80000, 0x00000000eff80000, 0x0000000100000000)
  eden space 48128K, 0% used [0x00000000eaf80000,0x00000000eaf80000,0x00000000ede80000)
  from space 8704K, 99% used [0x00000000eee80000,0x00000000ef6fd308,0x00000000ef700000)
  to   space 8192K, 0% used [0x00000000ef780000,0x00000000ef780000,0x00000000eff80000)
 ParOldGen       total 39424K, used 17416K [0x00000000c0e00000, 0x00000000c3480000, 0x00000000eaf80000)
  object space 39424K, 44% used [0x00000000c0e00000,0x00000000c1f02020,0x00000000c3480000)
 Metaspace       used 33554K, capacity 34033K, committed 34432K, reserved 1079296K
  class space    used 4335K, capacity 4473K, committed 4480K, reserved 1048576K
}
Event: 4.591 GC heap before
{Heap before GC invocations=9 (full 1):
 PSYoungGen      total 56832K, used 13501K [0x00000000eaf80000, 0x00000000eff80000, 0x0000000100000000)
  eden space 48128K, 9% used [0x00000000eaf80000,0x00000000eb4321a0,0x00000000ede80000)
  from space 8704K, 99% used [0x00000000eee80000,0x00000000ef6fd308,0x00000000ef700000)
  to   space 8192K, 0% used [0x00000000ef780000,0x00000000ef780000,0x00000000eff80000)
 ParOldGen       total 39424K, used 17416K [0x00000000c0e00000, 0x00000000c3480000, 0x00000000eaf80000)
  object space 39424K, 44% used [0x00000000c0e00000,0x00000000c1f02020,0x00000000c3480000)
 Metaspace       used 34618K, capacity 35149K, committed 35456K, reserved 1079296K
  class space    used 4470K, capacity 4621K, committed 4736K, reserved 1048576K
Event: 4.599 GC heap after
Heap after GC invocations=9 (full 1):
 PSYoungGen      total 56320K, used 8171K [0x00000000eaf80000, 0x00000000eff80000, 0x0000000100000000)
  eden space 48128K, 0% used [0x00000000eaf80000,0x00000000eaf80000,0x00000000ede80000)
  from space 8192K, 99% used [0x00000000ef780000,0x00000000eff7adc8,0x00000000eff80000)
  to   space 8704K, 0% used [0x00000000eee80000,0x00000000eee80000,0x00000000ef700000)
 ParOldGen       total 39424K, used 18671K [0x00000000c0e00000, 0x00000000c3480000, 0x00000000eaf80000)
  object space 39424K, 47% used [0x00000000c0e00000,0x00000000c203be18,0x00000000c3480000)
 Metaspace       used 34618K, capacity 35149K, committed 35456K, reserved 1079296K
  class space    used 4470K, capacity 4621K, committed 4736K, reserved 1048576K
}
Event: 4.599 GC heap before
{Heap before GC invocations=10 (full 2):
 PSYoungGen      total 56320K, used 8171K [0x00000000eaf80000, 0x00000000eff80000, 0x0000000100000000)
  eden space 48128K, 0% used [0x00000000eaf80000,0x00000000eaf80000,0x00000000ede80000)
  from space 8192K, 99% used [0x00000000ef780000,0x00000000eff7adc8,0x00000000eff80000)
  to   space 8704K, 0% used [0x00000000eee80000,0x00000000eee80000,0x00000000ef700000)
 ParOldGen       total 39424K, used 18671K [0x00000000c0e00000, 0x00000000c3480000, 0x00000000eaf80000)
  object space 39424K, 47% used [0x00000000c0e00000,0x00000000c203be18,0x00000000c3480000)
 Metaspace       used 34618K, capacity 35149K, committed 35456K, reserved 1079296K
  class space    used 4470K, capacity 4621K, committed 4736K, reserved 1048576K
Event: 4.657 GC heap after
Heap after GC invocations=10 (full 2):
 PSYoungGen      total 56320K, used 0K [0x00000000eaf80000, 0x00000000eff80000, 0x0000000100000000)
  eden space 48128K, 0% used [0x00000000eaf80000,0x00000000eaf80000,0x00000000ede80000)
  from space 8192K, 0% used [0x00000000ef780000,0x00000000ef780000,0x00000000eff80000)
  to   space 8704K, 0% used [0x00000000eee80000,0x00000000eee80000,0x00000000ef700000)
 ParOldGen       total 39424K, used 14904K [0x00000000c0e00000, 0x00000000c3480000, 0x00000000eaf80000)
  object space 39424K, 37% used [0x00000000c0e00000,0x00000000c1c8e3e0,0x00000000c3480000)
 Metaspace       used 34618K, capacity 35149K, committed 35456K, reserved 1079296K
  class space    used 4470K, capacity 4621K, committed 4736K, reserved 1048576K
}

Deoptimization events (10 events):
Event: 3.779 Thread 0x0000000002b45000 Uncommon trap: reason=unstable_if action=reinterpret pc=0x0000000003214fb8 method=java.lang.reflect.Method.equals(Ljava/lang/Object;)Z @ 49
Event: 4.275 Thread 0x0000000002b45000 Uncommon trap: reason=class_check action=maybe_recompile pc=0x000000000314d51c method=gnu.trove.TObjectHash.equals(Ljava/lang/Object;Ljava/lang/Object;)Z @ 6
Event: 4.305 Thread 0x0000000002b45000 Uncommon trap: reason=unstable_if action=reinterpret pc=0x0000000002e18898 method=sun.nio.cs.UTF_8$Encoder.encode([CII[B)I @ 33
Event: 4.305 Thread 0x0000000002b45000 Uncommon trap: reason=unstable_if action=reinterpret pc=0x0000000002ea3844 method=sun.nio.cs.UTF_8$Decoder.decode([BII[C)I @ 30
Event: 4.305 Thread 0x0000000002b45000 Uncommon trap: reason=unstable_if action=reinterpret pc=0x0000000002ea1610 method=sun.net.www.ParseUtil.encodePath(Ljava/lang/String;Z)Ljava/lang/String; @ 81
Event: 4.324 Thread 0x0000000002b45000 Uncommon trap: reason=class_check action=maybe_recompile pc=0x0000000003140724 method=gnu.trove.TObjectHash.equals(Ljava/lang/Object;Ljava/lang/Object;)Z @ 6
Event: 4.335 Thread 0x0000000002b45000 Uncommon trap: reason=class_check action=maybe_recompile pc=0x0000000003114174 method=org.jetbrains.kotlin.com.intellij.util.text.ByteArrayCharSequence.toBytesIfPossible(Ljava/lang/CharSequence;)[B @ 16
Event: 4.487 Thread 0x0000000002b45000 Uncommon trap: reason=class_check action=maybe_recompile pc=0x0000000003114174 method=org.jetbrains.kotlin.com.intellij.util.text.ByteArrayCharSequence.toBytesIfPossible(Ljava/lang/CharSequence;)[B @ 16
Event: 4.495 Thread 0x0000000002b45000 Uncommon trap: reason=class_check action=maybe_recompile pc=0x0000000003114174 method=org.jetbrains.kotlin.com.intellij.util.text.ByteArrayCharSequence.toBytesIfPossible(Ljava/lang/CharSequence;)[B @ 16
Event: 4.776 Thread 0x0000000002b45000 Uncommon trap: reason=unstable_if action=reinterpret pc=0x0000000003377160 method=java.text.StringCharacterIterator.current()C @ 19

Classes redefined (0 events):
No events

Internal exceptions (10 events):
Event: 1.364 Thread 0x0000000002b45000 Implicit null exception at 0x0000000002ea086f to 0x0000000002ea08d9
Event: 1.523 Thread 0x0000000002b45000 Exception <a 'java/lang/NoSuchMethodError': java.lang.Object.lambda$comparing$77a9974f$1(Ljava/util/function/Function;Ljava/lang/Object;Ljava/lang/Object;)I> (0x00000000eafb6dd0) thrown at [D:\src\AOSP-openjdk-cygwin\jdk8u\hotspot\src\share\vm\interpreter
Event: 1.568 Thread 0x0000000002b45000 Exception <a 'java/lang/NoSuchMethodError': java.lang.Object.lambda$static$0()J> (0x00000000eb0c53f0) thrown at [D:\src\AOSP-openjdk-cygwin\jdk8u\hotspot\src\share\vm\interpreter\linkResolver.cpp, line 620]
Event: 1.920 Thread 0x0000000002b45000 Exception <a 'java/lang/NoSuchMethodError': java.lang.Object.lambda$static$0(I)[Lorg/jetbrains/kotlin/com/intellij/openapi/editor/event/DocumentListener;> (0x00000000eb800ea8) thrown at [D:\src\AOSP-openjdk-cygwin\jdk8u\hotspot\src\share\vm\interpreter\li
Event: 2.000 Thread 0x0000000002b45000 Exception <a 'java/lang/NoSuchMethodError': java.lang.Object.lambda$static$0(I)[Lorg/jetbrains/kotlin/com/intellij/psi/PsiAnnotation;> (0x00000000eba01500) thrown at [D:\src\AOSP-openjdk-cygwin\jdk8u\hotspot\src\share\vm\interpreter\linkResolver.cpp, line
Event: 2.203 Thread 0x0000000002b45000 Exception <a 'java/lang/NoSuchMethodError': java.lang.Object.lambda$static$0(I)[Lorg/jetbrains/kotlin/com/intellij/psi/PsiElement;> (0x00000000ebf2fe58) thrown at [D:\src\AOSP-openjdk-cygwin\jdk8u\hotspot\src\share\vm\interpreter\linkResolver.cpp, line 62
Event: 3.660 Thread 0x0000000002b45000 Exception <a 'java/lang/ArrayIndexOutOfBoundsException': 126> (0x00000000eb864798) thrown at [D:\src\AOSP-openjdk-cygwin\jdk8u\hotspot\src\share\vm\interpreter\interpreterRuntime.cpp, line 368]
Event: 4.450 Thread 0x0000000002b45000 Exception <a 'java/lang/NoSuchMethodError': java.lang.Object.lambda$static$0(I)[Lorg/jetbrains/kotlin/psi/KtExpression;> (0x00000000eddce520) thrown at [D:\src\AOSP-openjdk-cygwin\jdk8u\hotspot\src\share\vm\interpreter\linkResolver.cpp, line 620]
Event: 4.523 Thread 0x0000000002b45000 Exception <a 'java/lang/NoSuchMethodError': java.lang.Object.lambda$static$0(I)[Lorg/jetbrains/kotlin/psi/KtDeclaration;> (0x00000000eb1af7c8) thrown at [D:\src\AOSP-openjdk-cygwin\jdk8u\hotspot\src\share\vm\interpreter\linkResolver.cpp, line 620]
Event: 4.557 Thread 0x0000000002b45000 Exception <a 'java/lang/NoSuchMethodError': java.lang.Object.lambda$static$0(I)[Lorg/jetbrains/kotlin/psi/KtTypeElement;> (0x00000000eb30d830) thrown at [D:\src\AOSP-openjdk-cygwin\jdk8u\hotspot\src\share\vm\interpreter\linkResolver.cpp, line 620]

Events (10 events):
Event: 4.805 loading class org/jetbrains/kotlin/types/TypeSubstitution$Companion$EMPTY$1
Event: 4.805 loading class org/jetbrains/kotlin/types/TypeSubstitution$Companion$EMPTY$1 done
Event: 4.806 loading class org/jetbrains/kotlin/types/TypeConstructorSubstitution$Companion
Event: 4.806 loading class org/jetbrains/kotlin/types/TypeConstructorSubstitution$Companion done
Event: 4.807 loading class org/jetbrains/kotlin/types/IndexedParametersSubstitution
Event: 4.807 loading class org/jetbrains/kotlin/types/IndexedParametersSubstitution done
Event: 4.809 loading class org/jetbrains/kotlin/descriptors/impl/ModuleAwareClassDescriptorKt
Event: 4.809 loading class org/jetbrains/kotlin/descriptors/impl/ModuleAwareClassDescriptorKt done
Event: 4.810 loading class org/jetbrains/kotlin/types/TypeSubstitutor$SubstitutionException
Event: 4.810 loading class org/jetbrains/kotlin/types/TypeSubstitutor$SubstitutionException done


Dynamic libraries:
0x00007ff629580000 - 0x00007ff6295b1000 	C:\Program Files\Android\Android Studio\jre\jre\bin\java.exe
0x00007ff921e60000 - 0x00007ff922050000 	C:\WINDOWS\SYSTEM32\ntdll.dll
0x00007ff921780000 - 0x00007ff921832000 	C:\WINDOWS\System32\KERNEL32.DLL
0x00007ff91fc00000 - 0x00007ff91fea3000 	C:\WINDOWS\System32\KERNELBASE.dll
0x00007ff920640000 - 0x00007ff9206e3000 	C:\WINDOWS\System32\ADVAPI32.dll
0x00007ff9216a0000 - 0x00007ff92173e000 	C:\WINDOWS\System32\msvcrt.dll
0x00007ff921cb0000 - 0x00007ff921d47000 	C:\WINDOWS\System32\sechost.dll
0x00007ff920ea0000 - 0x00007ff920fc0000 	C:\WINDOWS\System32\RPCRT4.dll
0x00007ff921b10000 - 0x00007ff921ca4000 	C:\WINDOWS\System32\USER32.dll
0x00007ff91fad0000 - 0x00007ff91faf1000 	C:\WINDOWS\System32\win32u.dll
0x00007ff9206f0000 - 0x00007ff920716000 	C:\WINDOWS\System32\GDI32.dll
0x00007ff91f710000 - 0x00007ff91f8a4000 	C:\WINDOWS\System32\gdi32full.dll
0x00007ff91f980000 - 0x00007ff91fa1e000 	C:\WINDOWS\System32\msvcp_win.dll
0x00007ff91fb00000 - 0x00007ff91fbfa000 	C:\WINDOWS\System32\ucrtbase.dll
0x00007ff910cd0000 - 0x00007ff910f55000 	C:\WINDOWS\WinSxS\amd64_microsoft.windows.common-controls_6595b64144ccf1df_6.0.18362.752_none_e6c0b5ed1312b70c\COMCTL32.dll
0x00007ff9211b0000 - 0x00007ff9214e6000 	C:\WINDOWS\System32\combase.dll
0x00007ff91f900000 - 0x00007ff91f980000 	C:\WINDOWS\System32\bcryptPrimitives.dll
0x00007ff921750000 - 0x00007ff92177e000 	C:\WINDOWS\System32\IMM32.DLL
0x0000000068ee0000 - 0x0000000068fb2000 	C:\Program Files\Android\Android Studio\jre\jre\bin\msvcr100.dll
0x00000000690a0000 - 0x00000000698e6000 	C:\Program Files\Android\Android Studio\jre\jre\bin\server\jvm.dll
0x00007ff921740000 - 0x00007ff921748000 	C:\WINDOWS\System32\PSAPI.DLL
0x00007ff90fd80000 - 0x00007ff90fda4000 	C:\WINDOWS\SYSTEM32\WINMM.dll
0x00007ff918400000 - 0x00007ff91840a000 	C:\WINDOWS\SYSTEM32\VERSION.dll
0x00007ff900ae0000 - 0x00007ff900ae9000 	C:\WINDOWS\SYSTEM32\WSOCK32.dll
0x00007ff90fd00000 - 0x00007ff90fd2d000 	C:\WINDOWS\SYSTEM32\winmmbase.dll
0x00007ff921db0000 - 0x00007ff921e1f000 	C:\WINDOWS\System32\WS2_32.dll
0x00007ff91f8b0000 - 0x00007ff91f8fa000 	C:\WINDOWS\System32\cfgmgr32.dll
0x00007ff919eb0000 - 0x00007ff919ebf000 	C:\Program Files\Android\Android Studio\jre\jre\bin\verify.dll
0x00007ff917960000 - 0x00007ff917989000 	C:\Program Files\Android\Android Studio\jre\jre\bin\java.dll
0x00007ff919b00000 - 0x00007ff919b16000 	C:\Program Files\Android\Android Studio\jre\jre\bin\zip.dll
0x00007ff9207b0000 - 0x00007ff920e95000 	C:\WINDOWS\System32\SHELL32.dll
0x00007ff921a60000 - 0x00007ff921b09000 	C:\WINDOWS\System32\shcore.dll
0x00007ff91ee20000 - 0x00007ff91f5a0000 	C:\WINDOWS\System32\windows.storage.dll
0x00007ff91ed50000 - 0x00007ff91ed73000 	C:\WINDOWS\System32\profapi.dll
0x00007ff91eda0000 - 0x00007ff91edea000 	C:\WINDOWS\System32\powrprof.dll
0x00007ff91ed20000 - 0x00007ff91ed30000 	C:\WINDOWS\System32\UMPDC.dll
0x00007ff921d50000 - 0x00007ff921da2000 	C:\WINDOWS\System32\shlwapi.dll
0x00007ff91ed80000 - 0x00007ff91ed91000 	C:\WINDOWS\System32\kernel.appcore.dll
0x00007ff91f6f0000 - 0x00007ff91f707000 	C:\WINDOWS\System32\cryptsp.dll
0x00007ff919270000 - 0x00007ff91928a000 	C:\Program Files\Android\Android Studio\jre\jre\bin\net.dll
0x00007ff915320000 - 0x00007ff9154f5000 	C:\WINDOWS\SYSTEM32\urlmon.dll
0x00007ff914660000 - 0x00007ff914906000 	C:\WINDOWS\SYSTEM32\iertutil.dll
0x00007ff91e760000 - 0x00007ff91e76c000 	C:\WINDOWS\SYSTEM32\CRYPTBASE.DLL
0x00007ff91e590000 - 0x00007ff91e5f7000 	C:\WINDOWS\system32\mswsock.dll
0x00007ff917ff0000 - 0x00007ff918003000 	C:\Program Files\Android\Android Studio\jre\jre\bin\nio.dll

VM Arguments:
java_command: org.jetbrains.kotlin.cli.jvm.K2JVMCompiler -Xallow-no-source-files -classpath I:\ANDROID\RecylerView_kotlin_total\app\build\intermediates\compile_and_runtime_not_namespaced_r_class_jar\debug\R.jar;C:\Users\Arka\.gradle\caches\transforms-2\files-2.1\906801bd8eedd543c2fcbd8760c214dc\jetified-kotlin-android-extensions-runtime-1.3.61.jar;C:\Users\Arka\.gradle\caches\transforms-2\files-2.1\a6ee74fb178b3ea5a892efce09fbf14f\jetified-kotlin-stdlib-jdk7-1.3.61.jar;C:\Users\Arka\.gradle\caches\transforms-2\files-2.1\412e466d8257540697ce17fc76cf2156\jetified-core-ktx-1.2.0-api.jar;C:\Users\Arka\.gradle\caches\transforms-2\files-2.1\8c33874182974c323a04f40a626452c3\jetified-kotlin-stdlib-1.3.61.jar;C:\Users\Arka\.gradle\caches\transforms-2\files-2.1\710a6a007d3afc426d16b6e039176053\jetified-kotlin-stdlib-common-1.3.61.jar;C:\Users\Arka\.gradle\caches\transforms-2\files-2.1\37b2db17f3474094fa0bbcb93412368e\jetified-annotations-13.0.jar;C:\Users\Arka\.gradle\caches\transforms-2\files-2.1\d7234acb9c9bc42c98126ea58d94f057\appcompat-1.1.0-api.jar;C:\Users\Arka\.gradle\caches\transforms-2\files-2.1\d5b67b1d19b5afb65ca135851d22812d\recyclerview-1.1.0-api.jar;C:\Users\Arka\.gradle\caches\transforms-2\files-2.1\1344af651314561d5aa35b3ef3f75055\fragment-1.1.0-api.jar;C:\Users\Arka\.gradle\caches\transforms-2\files-2.1\f31fa4ba3f1f2f105606f825a418f3f0\jetified-appcompat-resources-1.1.0-api.jar;C:\Users\Arka\.gradle\caches\transforms-2\files-2.1\675fb8ac46037f96bf818653017729a6\drawerlayout-1.0.0-api.jar;C:\Users\Arka\.gradle\caches\transforms-2\files-2.1\6e36c5267b3ca51fdf75177b25e90817\viewpager-1.0.0-api.jar;C:\Users\Arka\.gradle\caches\transforms-2\files-2.1\082ba1b7e0063ff8eab2fc487b8009d8\customview-1.0.0-api.jar;C:\Users\Arka\.gradle\caches\transforms-2\files-2.1\3f597a675e0dced4e69dc6514a92c184\loader-1.0.0-api.jar;C:\Users\Arka\.gradle\caches\transforms-2\files-2.1\05b984b052f578393ab114c1aee035b0\jetified-activity-1.0.0-api.jar;C:\Users\Arka\.gradle\caches\transfo
java_class_path (initial): C:\Users\Arka\.gradle\caches\modules-2\files-2.1\org.jetbrains.kotlin\kotlin-compiler-embeddable\1.3.61\c35c0833d5a1e3d229359758482c480306724618\kotlin-compiler-embeddable-1.3.61.jar;C:\Users\Arka\.gradle\caches\modules-2\files-2.1\org.jetbrains.kotlin\kotlin-reflect\1.3.61\2e07c9a84c9e118efb70eede7e579fd663932122\kotlin-reflect-1.3.61.jar;C:\Users\Arka\.gradle\caches\modules-2\files-2.1\org.jetbrains.kotlin\kotlin-stdlib\1.3.61\4702105e97f7396ae41b113fdbdc180ec1eb1e36\kotlin-stdlib-1.3.61.jar;C:\Users\Arka\.gradle\caches\modules-2\files-2.1\org.jetbrains.kotlin\kotlin-script-runtime\1.3.61\e5feb39c8de63dcbdc1154b34ca4413874231605\kotlin-script-runtime-1.3.61.jar;C:\Users\Arka\.gradle\caches\modules-2\files-2.1\org.jetbrains.kotlin\kotlin-daemon-embeddable\1.3.61\4de83e41a92c8395d89ab2e81d26b788ba163824\kotlin-daemon-embeddable-1.3.61.jar;C:\Users\Arka\.gradle\caches\modules-2\files-2.1\org.jetbrains.intellij.deps\trove4j\1.0.20181211\216c2e14b070f334479d800987affe4054cd563f\trove4j-1.0.20181211.jar;C:\Users\Arka\.gradle\caches\modules-2\files-2.1\org.jetbrains.kotlin\kotlin-stdlib-common\1.3.61\65abb71d5afb850b68be03987b08e2c864ca3110\kotlin-stdlib-common-1.3.61.jar;C:\Users\Arka\.gradle\caches\modules-2\files-2.1\org.jetbrains\annotations\13.0\919f0dfe192fb4e063e7dacadee7f8bb9a2672a9\annotations-13.0.jar;C:\Program Files\Android\Android Studio\jre\lib\tools.jar
Launcher Type: SUN_STANDARD

Environment Variables:
PATH=C:\ProgramData\Oracle\Java\javapath;C:\Windows\system32;C:\Windows;C:\Windows\System32\Wbem;C:\Windows\System32\WindowsPowerShell\v1.0\;C:\Windows\System32\OpenSSH\;C:\Program Files (x86)\NVIDIA Corporation\PhysX\Common;C:\Program Files\Java\jdk-11.0.1\bin;C:\Program Files\NVIDIA Corporation\NVIDIA NvDLISR;C:\Program Files\Git\cmd;C:\Program Files\nodejs\;C:\Program Files (x86)\Brackets\command;%SystemRoot%\system32;%SystemRoot%;%SystemRoot%\System32\Wbem;%SYSTEMROOT%\System32\WindowsPowerShell\v1.0\;%SYSTEMROOT%\System32\OpenSSH\;C:\Users\Arka\AppData\Local\Programs\Python\Python37-32\Scripts\;C:\Users\Arka\AppData\Local\Programs\Python\Python37-32\;C:\Users\Arka\AppData\Local\Microsoft\WindowsApps;;C:\Users\Arka\AppData\Local\Programs\Microsoft VS Code\bin;C:\Users\Arka\AppData\Roaming\npm
USERNAME=Arka
OS=Windows_NT
PROCESSOR_IDENTIFIER=Intel64 Family 6 Model 60 Stepping 3, GenuineIntel



---------------  S Y S T E M  ---------------

OS: Windows 10.0 , 64 bit Build 18362 (10.0.18362.752)

CPU:total 4 (initial active 4) (4 cores per cpu, 1 threads per core) family 6 model 60 stepping 3, cmov, cx8, fxsr, mmx, sse, sse2, sse3, ssse3, sse4.1, sse4.2, popcnt, avx, avx2, aes, clmul, erms, lzcnt, tsc, tscinvbit, bmi1, bmi2

Memory: 4k page, physical 4131084k(464196k free), swap 17111308k(0k free)

vm_info: OpenJDK 64-Bit Server VM (25.212-b04) for windows-amd64 JRE (1.8.0_212-release-1586-b04), built by "builder" with MS VC++ 10.0 (VS2010)

time: Sun Mar 29 02:09:51 2020
timezone: India Standard Time
elapsed time: 4 seconds (0d 0h 0m 4s)

